<?xml version="1.0" encoding="UTF-8" ?>
<testsuite failures="0" time="3.751" errors="0" skipped="0" tests="1" name="org.yellowpeach.users.svc.service.UserServiceTest">
  <properties>
    <property name="java.runtime.name" value="Java(TM) SE Runtime Environment"/>
    <property name="sun.boot.library.path" value="D:\JAVA\jdk1.7.0_21x64\jre\bin"/>
    <property name="java.vm.version" value="23.21-b01"/>
    <property name="java.vm.vendor" value="Oracle Corporation"/>
    <property name="java.vendor.url" value="http://java.oracle.com/"/>
    <property name="path.separator" value=";"/>
    <property name="java.vm.name" value="Java HotSpot(TM) 64-Bit Server VM"/>
    <property name="file.encoding.pkg" value="sun.io"/>
    <property name="user.script" value=""/>
    <property name="user.country" value="CN"/>
    <property name="sun.java.launcher" value="SUN_STANDARD"/>
    <property name="sun.os.patch.level" value="Service Pack 1"/>
    <property name="java.vm.specification.name" value="Java Virtual Machine Specification"/>
    <property name="user.dir" value="E:\projects\microservice\users\usersvc"/>
    <property name="PID" value="5896"/>
    <property name="java.runtime.version" value="1.7.0_21-b11"/>
    <property name="java.awt.graphicsenv" value="sun.awt.Win32GraphicsEnvironment"/>
    <property name="basedir" value="E:\projects\microservice\users\usersvc"/>
    <property name="java.endorsed.dirs" value="D:\JAVA\jdk1.7.0_21x64\jre\lib\endorsed"/>
    <property name="os.arch" value="amd64"/>
    <property name="org.jboss.logging.provider" value="slf4j"/>
    <property name="surefire.real.class.path" value="E:\projects\microservice\users\usersvc\target\surefire\surefirebooter6145812348739241273.jar"/>
    <property name="java.io.tmpdir" value="J:\Users\flyblue\AppData\Local\Temp\"/>
    <property name="line.separator" value="
"/>
    <property name="java.vm.specification.vendor" value="Oracle Corporation"/>
    <property name="user.variant" value=""/>
    <property name="os.name" value="Windows 7"/>
    <property name="sun.jnu.encoding" value="GBK"/>
    <property name="java.library.path" value="D:\JAVA\jdk1.7.0_21x64\jre\bin;J:\Windows\Sun\Java\bin;J:\Windows\system32;J:\Windows;J:\Users\flyblue\bin;D:\Git\mingw64\bin;D:\Git\usr\local\bin;D:\Git\usr\bin;D:\Git\usr\bin;D:\Git\mingw64\bin;D:\Git\usr\bin;J:\Users\flyblue\bin;J:\Program Files (x86)\AMD APP\bin\x86_64;J:\Program Files (x86)\AMD APP\bin\x86;J:\Windows\system32;J:\Windows;J:\Windows\System32\Wbem;J:\Windows\System32\WindowsPowerShell\v1.0;J:\Program Files\Intel\WiFi\bin;J:\Program Files\Common Files\Intel\WirelessCommon;J:\Program Files (x86)\ATI Technologies\ATI.ACE\Core-Static;J:\Program Files\Windows Imaging;J:\Program Files\Intel\WiFi\bin;J:\Program Files\Common Files\Intel\WirelessCommon;D:\JAVA\jdk1.7.0_21x64\bin;D:\JAVA\apache-maven-3.0.3\bin;D:\Git\usr\bin\vendor_perl;D:\Git\usr\bin\core_perl;."/>
    <property name="spring.beaninfo.ignore" value="true"/>
    <property name="surefire.test.class.path" value="E:\projects\microservice\users\usersvc\target\test-classes;E:\projects\microservice\users\usersvc\target\classes;e:\javalibs\org\springframework\boot\spring-boot-starter-web\1.4.1.RELEASE\spring-boot-starter-web-1.4.1.RELEASE.jar;e:\javalibs\org\springframework\boot\spring-boot-starter\1.4.1.RELEASE\spring-boot-starter-1.4.1.RELEASE.jar;e:\javalibs\org\springframework\boot\spring-boot\1.4.1.RELEASE\spring-boot-1.4.1.RELEASE.jar;e:\javalibs\org\springframework\boot\spring-boot-autoconfigure\1.4.1.RELEASE\spring-boot-autoconfigure-1.4.1.RELEASE.jar;e:\javalibs\org\springframework\boot\spring-boot-starter-logging\1.4.1.RELEASE\spring-boot-starter-logging-1.4.1.RELEASE.jar;e:\javalibs\ch\qos\logback\logback-classic\1.1.7\logback-classic-1.1.7.jar;e:\javalibs\ch\qos\logback\logback-core\1.1.7\logback-core-1.1.7.jar;e:\javalibs\org\slf4j\jcl-over-slf4j\1.7.21\jcl-over-slf4j-1.7.21.jar;e:\javalibs\org\slf4j\jul-to-slf4j\1.7.21\jul-to-slf4j-1.7.21.jar;e:\javalibs\org\slf4j\log4j-over-slf4j\1.7.21\log4j-over-slf4j-1.7.21.jar;e:\javalibs\org\yaml\snakeyaml\1.17\snakeyaml-1.17.jar;e:\javalibs\org\springframework\boot\spring-boot-starter-tomcat\1.4.1.RELEASE\spring-boot-starter-tomcat-1.4.1.RELEASE.jar;e:\javalibs\org\apache\tomcat\embed\tomcat-embed-core\8.5.5\tomcat-embed-core-8.5.5.jar;e:\javalibs\org\apache\tomcat\embed\tomcat-embed-el\8.5.5\tomcat-embed-el-8.5.5.jar;e:\javalibs\org\apache\tomcat\embed\tomcat-embed-websocket\8.5.5\tomcat-embed-websocket-8.5.5.jar;e:\javalibs\org\hibernate\hibernate-validator\5.2.4.Final\hibernate-validator-5.2.4.Final.jar;e:\javalibs\javax\validation\validation-api\1.1.0.Final\validation-api-1.1.0.Final.jar;e:\javalibs\org\jboss\logging\jboss-logging\3.2.1.Final\jboss-logging-3.2.1.Final.jar;e:\javalibs\com\fasterxml\classmate\1.1.0\classmate-1.1.0.jar;e:\javalibs\com\fasterxml\jackson\core\jackson-databind\2.8.3\jackson-databind-2.8.3.jar;e:\javalibs\com\fasterxml\jackson\core\jackson-annotations\2.8.0\jackson-annotations-2.8.0.jar;e:\javalibs\com\fasterxml\jackson\core\jackson-core\2.8.3\jackson-core-2.8.3.jar;e:\javalibs\org\springframework\spring-web\4.3.3.RELEASE\spring-web-4.3.3.RELEASE.jar;e:\javalibs\org\springframework\spring-aop\4.3.3.RELEASE\spring-aop-4.3.3.RELEASE.jar;e:\javalibs\org\springframework\spring-beans\4.3.3.RELEASE\spring-beans-4.3.3.RELEASE.jar;e:\javalibs\org\springframework\spring-context\4.3.3.RELEASE\spring-context-4.3.3.RELEASE.jar;e:\javalibs\org\springframework\spring-webmvc\4.3.3.RELEASE\spring-webmvc-4.3.3.RELEASE.jar;e:\javalibs\org\springframework\spring-expression\4.3.3.RELEASE\spring-expression-4.3.3.RELEASE.jar;e:\javalibs\org\springframework\boot\spring-boot-starter-actuator\1.4.1.RELEASE\spring-boot-starter-actuator-1.4.1.RELEASE.jar;e:\javalibs\org\springframework\boot\spring-boot-actuator\1.4.1.RELEASE\spring-boot-actuator-1.4.1.RELEASE.jar;e:\javalibs\org\springframework\boot\spring-boot-starter-test\1.4.1.RELEASE\spring-boot-starter-test-1.4.1.RELEASE.jar;e:\javalibs\org\springframework\boot\spring-boot-test\1.4.1.RELEASE\spring-boot-test-1.4.1.RELEASE.jar;e:\javalibs\org\springframework\boot\spring-boot-test-autoconfigure\1.4.1.RELEASE\spring-boot-test-autoconfigure-1.4.1.RELEASE.jar;e:\javalibs\org\assertj\assertj-core\2.5.0\assertj-core-2.5.0.jar;e:\javalibs\org\mockito\mockito-core\1.10.19\mockito-core-1.10.19.jar;e:\javalibs\org\objenesis\objenesis\2.1\objenesis-2.1.jar;e:\javalibs\org\hamcrest\hamcrest-core\1.3\hamcrest-core-1.3.jar;e:\javalibs\org\hamcrest\hamcrest-library\1.3\hamcrest-library-1.3.jar;e:\javalibs\org\skyscreamer\jsonassert\1.3.0\jsonassert-1.3.0.jar;e:\javalibs\org\json\json\20090211\json-20090211.jar;e:\javalibs\org\springframework\spring-core\4.3.3.RELEASE\spring-core-4.3.3.RELEASE.jar;e:\javalibs\org\springframework\spring-test\4.3.3.RELEASE\spring-test-4.3.3.RELEASE.jar;e:\javalibs\com\jayway\jsonpath\json-path\2.2.0\json-path-2.2.0.jar;e:\javalibs\net\minidev\json-smart\2.2.1\json-smart-2.2.1.jar;e:\javalibs\net\minidev\accessors-smart\1.1\accessors-smart-1.1.jar;e:\javalibs\org\ow2\asm\asm\5.0.3\asm-5.0.3.jar;e:\javalibs\org\slf4j\slf4j-api\1.7.16\slf4j-api-1.7.16.jar;e:\javalibs\junit\junit\4.12\junit-4.12.jar;"/>
    <property name="java.specification.name" value="Java Platform API Specification"/>
    <property name="java.class.version" value="51.0"/>
    <property name="sun.management.compiler" value="HotSpot 64-Bit Tiered Compilers"/>
    <property name="os.version" value="6.1"/>
    <property name="user.home" value="J:\Users\flyblue"/>
    <property name="user.timezone" value="Asia/Shanghai"/>
    <property name="catalina.useNaming" value="false"/>
    <property name="java.awt.printerjob" value="sun.awt.windows.WPrinterJob"/>
    <property name="java.specification.version" value="1.7"/>
    <property name="file.encoding" value="GBK"/>
    <property name="catalina.home" value="J:\Users\flyblue\AppData\Local\Temp\tomcat.4500259744582068902.0"/>
    <property name="user.name" value="flyblue"/>
    <property name="java.class.path" value="E:\projects\microservice\users\usersvc\target\test-classes;E:\projects\microservice\users\usersvc\target\classes;e:\javalibs\org\springframework\boot\spring-boot-starter-web\1.4.1.RELEASE\spring-boot-starter-web-1.4.1.RELEASE.jar;e:\javalibs\org\springframework\boot\spring-boot-starter\1.4.1.RELEASE\spring-boot-starter-1.4.1.RELEASE.jar;e:\javalibs\org\springframework\boot\spring-boot\1.4.1.RELEASE\spring-boot-1.4.1.RELEASE.jar;e:\javalibs\org\springframework\boot\spring-boot-autoconfigure\1.4.1.RELEASE\spring-boot-autoconfigure-1.4.1.RELEASE.jar;e:\javalibs\org\springframework\boot\spring-boot-starter-logging\1.4.1.RELEASE\spring-boot-starter-logging-1.4.1.RELEASE.jar;e:\javalibs\ch\qos\logback\logback-classic\1.1.7\logback-classic-1.1.7.jar;e:\javalibs\ch\qos\logback\logback-core\1.1.7\logback-core-1.1.7.jar;e:\javalibs\org\slf4j\jcl-over-slf4j\1.7.21\jcl-over-slf4j-1.7.21.jar;e:\javalibs\org\slf4j\jul-to-slf4j\1.7.21\jul-to-slf4j-1.7.21.jar;e:\javalibs\org\slf4j\log4j-over-slf4j\1.7.21\log4j-over-slf4j-1.7.21.jar;e:\javalibs\org\yaml\snakeyaml\1.17\snakeyaml-1.17.jar;e:\javalibs\org\springframework\boot\spring-boot-starter-tomcat\1.4.1.RELEASE\spring-boot-starter-tomcat-1.4.1.RELEASE.jar;e:\javalibs\org\apache\tomcat\embed\tomcat-embed-core\8.5.5\tomcat-embed-core-8.5.5.jar;e:\javalibs\org\apache\tomcat\embed\tomcat-embed-el\8.5.5\tomcat-embed-el-8.5.5.jar;e:\javalibs\org\apache\tomcat\embed\tomcat-embed-websocket\8.5.5\tomcat-embed-websocket-8.5.5.jar;e:\javalibs\org\hibernate\hibernate-validator\5.2.4.Final\hibernate-validator-5.2.4.Final.jar;e:\javalibs\javax\validation\validation-api\1.1.0.Final\validation-api-1.1.0.Final.jar;e:\javalibs\org\jboss\logging\jboss-logging\3.2.1.Final\jboss-logging-3.2.1.Final.jar;e:\javalibs\com\fasterxml\classmate\1.1.0\classmate-1.1.0.jar;e:\javalibs\com\fasterxml\jackson\core\jackson-databind\2.8.3\jackson-databind-2.8.3.jar;e:\javalibs\com\fasterxml\jackson\core\jackson-annotations\2.8.0\jackson-annotations-2.8.0.jar;e:\javalibs\com\fasterxml\jackson\core\jackson-core\2.8.3\jackson-core-2.8.3.jar;e:\javalibs\org\springframework\spring-web\4.3.3.RELEASE\spring-web-4.3.3.RELEASE.jar;e:\javalibs\org\springframework\spring-aop\4.3.3.RELEASE\spring-aop-4.3.3.RELEASE.jar;e:\javalibs\org\springframework\spring-beans\4.3.3.RELEASE\spring-beans-4.3.3.RELEASE.jar;e:\javalibs\org\springframework\spring-context\4.3.3.RELEASE\spring-context-4.3.3.RELEASE.jar;e:\javalibs\org\springframework\spring-webmvc\4.3.3.RELEASE\spring-webmvc-4.3.3.RELEASE.jar;e:\javalibs\org\springframework\spring-expression\4.3.3.RELEASE\spring-expression-4.3.3.RELEASE.jar;e:\javalibs\org\springframework\boot\spring-boot-starter-actuator\1.4.1.RELEASE\spring-boot-starter-actuator-1.4.1.RELEASE.jar;e:\javalibs\org\springframework\boot\spring-boot-actuator\1.4.1.RELEASE\spring-boot-actuator-1.4.1.RELEASE.jar;e:\javalibs\org\springframework\boot\spring-boot-starter-test\1.4.1.RELEASE\spring-boot-starter-test-1.4.1.RELEASE.jar;e:\javalibs\org\springframework\boot\spring-boot-test\1.4.1.RELEASE\spring-boot-test-1.4.1.RELEASE.jar;e:\javalibs\org\springframework\boot\spring-boot-test-autoconfigure\1.4.1.RELEASE\spring-boot-test-autoconfigure-1.4.1.RELEASE.jar;e:\javalibs\org\assertj\assertj-core\2.5.0\assertj-core-2.5.0.jar;e:\javalibs\org\mockito\mockito-core\1.10.19\mockito-core-1.10.19.jar;e:\javalibs\org\objenesis\objenesis\2.1\objenesis-2.1.jar;e:\javalibs\org\hamcrest\hamcrest-core\1.3\hamcrest-core-1.3.jar;e:\javalibs\org\hamcrest\hamcrest-library\1.3\hamcrest-library-1.3.jar;e:\javalibs\org\skyscreamer\jsonassert\1.3.0\jsonassert-1.3.0.jar;e:\javalibs\org\json\json\20090211\json-20090211.jar;e:\javalibs\org\springframework\spring-core\4.3.3.RELEASE\spring-core-4.3.3.RELEASE.jar;e:\javalibs\org\springframework\spring-test\4.3.3.RELEASE\spring-test-4.3.3.RELEASE.jar;e:\javalibs\com\jayway\jsonpath\json-path\2.2.0\json-path-2.2.0.jar;e:\javalibs\net\minidev\json-smart\2.2.1\json-smart-2.2.1.jar;e:\javalibs\net\minidev\accessors-smart\1.1\accessors-smart-1.1.jar;e:\javalibs\org\ow2\asm\asm\5.0.3\asm-5.0.3.jar;e:\javalibs\org\slf4j\slf4j-api\1.7.16\slf4j-api-1.7.16.jar;e:\javalibs\junit\junit\4.12\junit-4.12.jar;"/>
    <property name="java.vm.specification.version" value="1.7"/>
    <property name="sun.arch.data.model" value="64"/>
    <property name="java.home" value="D:\JAVA\jdk1.7.0_21x64\jre"/>
    <property name="sun.java.command" value="E:\projects\microservice\users\usersvc\target\surefire\surefirebooter6145812348739241273.jar E:\projects\microservice\users\usersvc\target\surefire\surefire6855736130626595909tmp E:\projects\microservice\users\usersvc\target\surefire\surefire4564172562124696466tmp"/>
    <property name="java.specification.vendor" value="Oracle Corporation"/>
    <property name="user.language" value="zh"/>
    <property name="awt.toolkit" value="sun.awt.windows.WToolkit"/>
    <property name="java.vm.info" value="mixed mode"/>
    <property name="java.version" value="1.7.0_21"/>
    <property name="java.ext.dirs" value="D:\JAVA\jdk1.7.0_21x64\jre\lib\ext;J:\Windows\Sun\Java\lib\ext"/>
    <property name="sun.boot.class.path" value="D:\JAVA\jdk1.7.0_21x64\jre\lib\resources.jar;D:\JAVA\jdk1.7.0_21x64\jre\lib\rt.jar;D:\JAVA\jdk1.7.0_21x64\jre\lib\sunrsasign.jar;D:\JAVA\jdk1.7.0_21x64\jre\lib\jsse.jar;D:\JAVA\jdk1.7.0_21x64\jre\lib\jce.jar;D:\JAVA\jdk1.7.0_21x64\jre\lib\charsets.jar;D:\JAVA\jdk1.7.0_21x64\jre\lib\jfr.jar;D:\JAVA\jdk1.7.0_21x64\jre\classes"/>
    <property name="java.vendor" value="Oracle Corporation"/>
    <property name="java.awt.headless" value="true"/>
    <property name="catalina.base" value="J:\Users\flyblue\AppData\Local\Temp\tomcat.4500259744582068902.0"/>
    <property name="localRepository" value="e:\javalibs"/>
    <property name="file.separator" value="\"/>
    <property name="java.vendor.url.bug" value="http://bugreport.sun.com/bugreport/"/>
    <property name="sun.cpu.endian" value="little"/>
    <property name="sun.io.unicode.encoding" value="UnicodeLittle"/>
    <property name="sun.desktop" value="windows"/>
    <property name="sun.cpu.isalist" value="amd64"/>
  </properties>
  <testcase time="0.142" classname="org.yellowpeach.users.svc.service.UserServiceTest" name="getHello"/>
</testsuite>